[0m2021.07.27 14:15:24 INFO  Started: Metals version 0.10.5 in workspace 'D:\Third Year\Group Project ll\PettahPharma-app' for client Visual Studio Code 1.58.2.[0m
[0m2021.07.27 14:15:29 INFO  time: initialize in 4.9s[0m
[0m2021.07.27 14:15:30 WARN  Build server is not auto-connectable.[0m
[0m2021.07.27 14:15:30 WARN  no build tool detected in workspace 'D:\Third Year\Group Project ll\PettahPharma-app'. The most common cause for this problem is that the editor was opened in the wrong working directory, for example if you use sbt then the workspace directory should contain build.sbt. [0m
Jul 27, 2021 2:45:32 PM org.eclipse.lsp4j.jsonrpc.services.GenericEndpoint notify
INFO: Unsupported notification method: $/setTrace
[0m2021.07.27 15:41:59 INFO  shutting down Metals[0m
[0m2021.07.30 11:50:26 INFO  Started: Metals version 0.10.5 in workspace 'D:\Third Year\Group Project ll\PettahPharma-app' for client Visual Studio Code 1.58.2.[0m
[0m2021.07.30 11:50:33 INFO  time: initialize in 7.01s[0m
[0m2021.07.30 11:50:34 WARN  Build server is not auto-connectable.[0m
[0m2021.07.30 11:50:34 WARN  no build tool detected in workspace 'D:\Third Year\Group Project ll\PettahPharma-app'. The most common cause for this problem is that the editor was opened in the wrong working directory, for example if you use sbt then the workspace directory should contain build.sbt. [0m
[0m2021.07.30 23:22:46 INFO  shutting down Metals[0m
[0m2021.08.16 07:12:57 INFO  Started: Metals version 0.10.5 in workspace 'D:\Third Year\Group Project ll\PettahPharma-app' for client Visual Studio Code 1.59.0.[0m
[0m2021.08.16 07:13:02 INFO  time: initialize in 4.19s[0m
[0m2021.08.16 07:13:03 WARN  Build server is not auto-connectable.[0m
[0m2021.08.16 07:13:03 WARN  no build tool detected in workspace 'D:\Third Year\Group Project ll\PettahPharma-app'. The most common cause for this problem is that the editor was opened in the wrong working directory, for example if you use sbt then the workspace directory should contain build.sbt. [0m
Aug 16, 2021 10:33:04 AM org.eclipse.lsp4j.jsonrpc.services.GenericEndpoint notify
INFO: Unsupported notification method: $/setTrace
[0m2021.08.16 21:13:28 INFO  Started: Metals version 0.10.5 in workspace 'D:\Third Year\Group Project ll\PettahPharma-app' for client Visual Studio Code 1.59.0.[0m
[0m2021.08.16 21:13:34 INFO  time: initialize in 5.64s[0m
[0m2021.08.16 21:13:39 WARN  Build server is not auto-connectable.[0m
[0m2021.08.16 21:13:39 WARN  no build tool detected in workspace 'D:\Third Year\Group Project ll\PettahPharma-app'. The most common cause for this problem is that the editor was opened in the wrong working directory, for example if you use sbt then the workspace directory should contain build.sbt. [0m
Aug 16, 2021 9:38:50 PM org.eclipse.lsp4j.jsonrpc.services.GenericEndpoint notify
INFO: Unsupported notification method: $/setTrace
[0m2021.08.16 21:39:07 INFO  shutting down Metals[0m
[0m2021.08.16 21:41:14 INFO  Started: Metals version 0.10.5 in workspace 'D:\Third Year\Group Project ll\PettahPharma-app' for client Visual Studio Code 1.59.0.[0m
[0m2021.08.16 21:41:18 INFO  time: initialize in 4.37s[0m
[0m2021.08.16 21:41:20 WARN  Build server is not auto-connectable.[0m
[0m2021.08.16 21:41:20 WARN  no build tool detected in workspace 'D:\Third Year\Group Project ll\PettahPharma-app'. The most common cause for this problem is that the editor was opened in the wrong working directory, for example if you use sbt then the workspace directory should contain build.sbt. [0m
[0m2021.08.17 09:40:44 INFO  shutting down Metals[0m
[0m2021.08.18 13:38:21 INFO  Started: Metals version 0.10.5 in workspace 'D:\Third Year\Group Project ll\PettahPharma-app' for client Visual Studio Code 1.59.0.[0m
[0m2021.08.18 13:38:26 INFO  time: initialize in 5.07s[0m
[0m2021.08.18 13:38:28 WARN  Build server is not auto-connectable.[0m
[0m2021.08.18 13:38:28 WARN  no build tool detected in workspace 'D:\Third Year\Group Project ll\PettahPharma-app'. The most common cause for this problem is that the editor was opened in the wrong working directory, for example if you use sbt then the workspace directory should contain build.sbt. [0m
Aug 18, 2021 1:43:32 PM org.eclipse.lsp4j.jsonrpc.services.GenericEndpoint notify
INFO: Unsupported notification method: $/setTrace
[0m2021.08.20 06:53:11 INFO  Started: Metals version 0.10.5 in workspace 'D:\Third Year\Group Project ll\PettahPharma-app' for client Visual Studio Code 1.59.1.[0m
[0m2021.08.20 06:53:14 INFO  time: initialize in 3.33s[0m
[0m2021.08.20 06:53:20 WARN  Build server is not auto-connectable.[0m
[0m2021.08.20 06:53:20 WARN  no build tool detected in workspace 'D:\Third Year\Group Project ll\PettahPharma-app'. The most common cause for this problem is that the editor was opened in the wrong working directory, for example if you use sbt then the workspace directory should contain build.sbt. [0m
[0m2021.08.22 12:41:10 INFO  Started: Metals version 0.10.5 in workspace 'D:\Third Year\Group Project ll\PettahPharma-app' for client Visual Studio Code 1.59.1.[0m
[0m2021.08.22 12:41:16 INFO  time: initialize in 6.15s[0m
[0m2021.08.22 12:41:22 WARN  Build server is not auto-connectable.[0m
[0m2021.08.22 12:41:22 WARN  no build tool detected in workspace 'D:\Third Year\Group Project ll\PettahPharma-app'. The most common cause for this problem is that the editor was opened in the wrong working directory, for example if you use sbt then the workspace directory should contain build.sbt. [0m
Aug 22, 2021 12:46:36 PM org.eclipse.lsp4j.jsonrpc.services.GenericEndpoint notify
INFO: Unsupported notification method: $/setTrace
[0m2021.09.01 23:24:12 INFO  Started: Metals version 0.10.5 in workspace 'D:\Third Year\PettahPharma-app' for client Visual Studio Code 1.59.1.[0m
[0m2021.09.01 23:24:15 INFO  time: initialize in 2.88s[0m
[0m2021.09.01 23:24:20 WARN  Build server is not auto-connectable.[0m
[0m2021.09.01 23:24:20 WARN  no build tool detected in workspace 'D:\Third Year\PettahPharma-app'. The most common cause for this problem is that the editor was opened in the wrong working directory, for example if you use sbt then the workspace directory should contain build.sbt. [0m
[0m2021.09.01 23:31:03 INFO  shutting down Metals[0m
[0m2021.09.04 12:52:45 INFO  Started: Metals version 0.10.5 in workspace 'D:\Third Year\PettahPharma-app' for client Visual Studio Code 1.60.0.[0m
[0m2021.09.04 12:52:48 INFO  time: initialize in 3.5s[0m
[0m2021.09.04 12:52:50 WARN  Build server is not auto-connectable.[0m
[0m2021.09.04 12:52:50 WARN  no build tool detected in workspace 'D:\Third Year\PettahPharma-app'. The most common cause for this problem is that the editor was opened in the wrong working directory, for example if you use sbt then the workspace directory should contain build.sbt. [0m
[0m2021.09.05 10:30:00 INFO  Started: Metals version 0.10.5 in workspace 'D:\Third Year\PettahPharma-app' for client Visual Studio Code 1.60.0.[0m
[0m2021.09.05 10:30:03 INFO  time: initialize in 3.69s[0m
[0m2021.09.05 10:30:09 WARN  Build server is not auto-connectable.[0m
[0m2021.09.05 10:30:09 WARN  no build tool detected in workspace 'D:\Third Year\PettahPharma-app'. The most common cause for this problem is that the editor was opened in the wrong working directory, for example if you use sbt then the workspace directory should contain build.sbt. [0m
[0m2021.09.06 18:58:02 INFO  Started: Metals version 0.10.5 in workspace 'D:\Third Year\PettahPharma-app' for client Visual Studio Code 1.60.0.[0m
[0m2021.09.06 18:58:05 INFO  time: initialize in 3.56s[0m
[0m2021.09.06 18:58:11 WARN  Build server is not auto-connectable.[0m
[0m2021.09.06 18:58:11 WARN  no build tool detected in workspace 'D:\Third Year\PettahPharma-app'. The most common cause for this problem is that the editor was opened in the wrong working directory, for example if you use sbt then the workspace directory should contain build.sbt. [0m
[0m2021.09.06 22:11:16 INFO  shutting down Metals[0m
[0m2021.09.07 19:12:52 INFO  Started: Metals version 0.10.6 in workspace 'D:\Third Year\PettahPharma-app' for client Visual Studio Code 1.60.0.[0m
[0m2021.09.07 19:12:57 INFO  time: initialize in 4.53s[0m
[0m2021.09.07 19:13:04 WARN  Build server is not auto-connectable.[0m
[0m2021.09.07 19:13:04 WARN  no build tool detected in workspace 'D:\Third Year\PettahPharma-app'. The most common cause for this problem is that the editor was opened in the wrong working directory, for example if you use sbt then the workspace directory should contain build.sbt. [0m
[0m2021.09.08 09:58:02 INFO  Started: Metals version 0.10.6 in workspace 'D:\Third Year\PettahPharma-app' for client Visual Studio Code 1.60.0.[0m
[0m2021.09.08 09:58:06 INFO  time: initialize in 3.65s[0m
[0m2021.09.08 09:58:11 WARN  Build server is not auto-connectable.[0m
[0m2021.09.08 09:58:11 WARN  no build tool detected in workspace 'D:\Third Year\PettahPharma-app'. The most common cause for this problem is that the editor was opened in the wrong working directory, for example if you use sbt then the workspace directory should contain build.sbt. [0m
[0m2021.09.08 21:17:11 INFO  Started: Metals version 0.10.6 in workspace 'D:\Third Year\PettahPharma-app' for client Visual Studio Code 1.60.0.[0m
[0m2021.09.08 21:17:13 INFO  time: initialize in 2.54s[0m
[0m2021.09.08 21:17:19 WARN  Build server is not auto-connectable.[0m
[0m2021.09.08 21:17:19 WARN  no build tool detected in workspace 'D:\Third Year\PettahPharma-app'. The most common cause for this problem is that the editor was opened in the wrong working directory, for example if you use sbt then the workspace directory should contain build.sbt. [0m
